nohup: ignoring input
MACS2 callpeak running /data/rsgeno1/liuzhen/new_Caucasian/GM10847/H3K4me1/mapping_sam/GM10847_H3K4me1_R1/SRR998166.bam......
Control is /data/rsgeno1/liuzhen/new_Caucasian/GM10847/Input/mapping_sam/GM10847_Input_R1/SRR998170.bam
MACS2 callpeak finish.MACS2 callpeak running /data/rsgeno1/liuzhen/new_Caucasian/GM10847/H3K4me1/mapping_sam/GM10847_H3K4me1_R2/SRR998167.bam......
Control is /data/rsgeno1/liuzhen/new_Caucasian/GM10847/Input/mapping_sam/GM10847_Input_R1/SRR998170.bam
MACS2 callpeak finish.MACS2 callpeak running /data/rsgeno1/liuzhen/new_Caucasian/GM10847/H3K4me3/mapping_sam/GM10847_H3K4me3_R1/SRR998168.bam......
Control is /data/rsgeno1/liuzhen/new_Caucasian/GM10847/Input/mapping_sam/GM10847_Input_R1/SRR998170.bam
MACS2 callpeak finish.MACS2 callpeak running /data/rsgeno1/liuzhen/new_Caucasian/GM10847/H3K4me3/mapping_sam/GM10847_H3K4me3_R2/SRR998169.bam......
Control is /data/rsgeno1/liuzhen/new_Caucasian/GM10847/Input/mapping_sam/GM10847_Input_R1/SRR998170.bam
MACS2 callpeak finish.MACS2 callpeak running /data/rsgeno1/liuzhen/new_Caucasian/GM10847/H3K27ac/mapping_sam/GM10847_H3K27ac_R1/SRR998160.bam......
Control is /data/rsgeno1/liuzhen/new_Caucasian/GM10847/Input/mapping_sam/GM10847_Input_R1/SRR998170.bam
MACS2 callpeak finish.MACS2 callpeak running /data/rsgeno1/liuzhen/new_Caucasian/GM10847/H3K27ac/mapping_sam/GM10847_H3K27ac_R2/SRR998161.bam......
Control is /data/rsgeno1/liuzhen/new_Caucasian/GM10847/Input/mapping_sam/GM10847_Input_R1/SRR998170.bam
MACS2 callpeak finish.nohup: ignoring input
MACS2 callpeak running /data/rsgeno1/liuzhen/new_Caucasian/GM12891/H3K27ac/mapping_sam/GM12891_H3K27ac_R1/SRR998223.bam......
Control is /data/rsgeno1/liuzhen/new_Caucasian/GM12891/Input/mapping_sam/GM12891_Input_R1/SRR998238.bam
MACS2 callpeak finish.MACS2 callpeak running /data/rsgeno1/liuzhen/new_Caucasian/GM12891/H3K27ac/mapping_sam/GM12891_H3K27ac_R2/SRR998224.bam......
Control is /data/rsgeno1/liuzhen/new_Caucasian/GM12891/Input/mapping_sam/GM12891_Input_R1/SRR998238.bam
MACS2 callpeak finish.MACS2 callpeak running /data/rsgeno1/liuzhen/new_Caucasian/GM12891/H3K27ac/mapping_sam/GM12891_H3K27ac_R3/SRR998225.bam......
Control is /data/rsgeno1/liuzhen/new_Caucasian/GM12891/Input/mapping_sam/GM12891_Input_R1/SRR998238.bam
MACS2 callpeak finish.MACS2 callpeak running /data/rsgeno1/liuzhen/new_Caucasian/GM12891/H3K4me1/mapping_sam/GM12891_H3K4me1_R1/SRR998232.bam......
Control is /data/rsgeno1/liuzhen/new_Caucasian/GM12891/Input/mapping_sam/GM12891_Input_R1/SRR998238.bam
MACS2 callpeak finish.MACS2 callpeak running /data/rsgeno1/liuzhen/new_Caucasian/GM12891/H3K4me1/mapping_sam/GM12891_H3K4me1_R2/SRR998233.bam......
Control is /data/rsgeno1/liuzhen/new_Caucasian/GM12891/Input/mapping_sam/GM12891_Input_R1/SRR998238.bam
MACS2 callpeak finish.MACS2 callpeak running /data/rsgeno1/liuzhen/new_Caucasian/GM12891/H3K4me1/mapping_sam/GM12891_H3K4me1_R3/SRR998234.bam......
Control is /data/rsgeno1/liuzhen/new_Caucasian/GM12891/Input/mapping_sam/GM12891_Input_R1/SRR998238.bam
MACS2 callpeak finish.MACS2 callpeak running /data/rsgeno1/liuzhen/new_Caucasian/GM12891/H3K4me3/mapping_sam/GM12891_H3K4me3_R1/SRR998235.bam......
Control is /data/rsgeno1/liuzhen/new_Caucasian/GM12891/Input/mapping_sam/GM12891_Input_R1/SRR998238.bam
MACS2 callpeak finish.MACS2 callpeak running /data/rsgeno1/liuzhen/new_Caucasian/GM12891/H3K4me3/mapping_sam/GM12891_H3K4me3_R2/SRR998236.bam......
Control is /data/rsgeno1/liuzhen/new_Caucasian/GM12891/Input/mapping_sam/GM12891_Input_R1/SRR998238.bam
MACS2 callpeak finish.MACS2 callpeak running /data/rsgeno1/liuzhen/new_Caucasian/GM12891/H3K4me3/mapping_sam/GM12891_H3K4me3_R3/SRR998237.bam......
Control is /data/rsgeno1/liuzhen/new_Caucasian/GM12891/Input/mapping_sam/GM12891_Input_R1/SRR998238.bam
MACS2 callpeak finish.